<?xml version="1.0" encoding="UTF-8"?>
<testsuite xmlns:xsi="http://www.w3.org/2001/XMLSchema-instance" xsi:noNamespaceSchemaLocation="https://maven.apache.org/surefire/maven-surefire-plugin/xsd/surefire-test-report-3.0.xsd" version="3.0" name="com.solucionesvirtual.sistevoto.SistevotoApplicationTests" time="22.519" tests="1" errors="0" skipped="0" failures="0">
  <properties>
[...]
</properties>
  <testcase name="contextLoads" classname="com.solucionesvirtual.sistevoto.SistevotoApplicationTests" time="1.363">
    <system-out><![CDATA[00:07:03.865 [main] INFO org.springframework.test.context.support.AnnotationConfigContextLoaderUtils -- Could not detect default configuration classes for test class [com.solucionesvirtual.sistevoto.SistevotoApplicationTests]: SistevotoApplicationTests does not declare any static, non-private, non-final, nested classes annotated with @Configuration.
00:07:04.211 [main] INFO org.springframework.boot.test.context.SpringBootTestContextBootstrapper -- Found @SpringBootConfiguration com.solucionesvirtual.sistevoto.SistevotoApplication for test class com.solucionesvirtual.sistevoto.SistevotoApplicationTests
00:07:04.745 [main] INFO org.springframework.boot.devtools.restart.RestartApplicationListener -- Restart disabled due to context in which it is running

  .   ____          _            __ _ _
 /\\ / ___'_ __ _ _(_)_ __  __ _ \ \ \ \
( ( )\___ | '_ | '_| | '_ \/ _` | \ \ \ \
 \\/  ___)| |_)| | | | | || (_| |  ) ) ) )
  '  |____| .__|_| |_|_| |_\__, | / / / /
 =========|_|==============|___/=/_/_/_/
 :: Spring Boot ::                (v3.2.3)

2024-05-28T00:07:05.563-05:00  INFO 15920 --- [sistevoto] [           main] c.s.sistevoto.SistevotoApplicationTests  : Starting SistevotoApplicationTests using Java 21.0.2 with PID 15920 (started by nicol in D:\septimo semestre\is 2\codigo proyecto\sistevotoAn\sistevot)
2024-05-28T00:07:05.567-05:00  INFO 15920 --- [sistevoto] [           main] c.s.sistevoto.SistevotoApplicationTests  : No active profile set, falling back to 1 default profile: "default"
2024-05-28T00:07:08.078-05:00  INFO 15920 --- [sistevoto] [           main] .s.d.r.c.RepositoryConfigurationDelegate : Bootstrapping Spring Data JPA repositories in DEFAULT mode.
2024-05-28T00:07:08.372-05:00  INFO 15920 --- [sistevoto] [           main] .s.d.r.c.RepositoryConfigurationDelegate : Finished Spring Data repository scanning in 261 ms. Found 8 JPA repository interfaces.
2024-05-28T00:07:10.002-05:00  INFO 15920 --- [sistevoto] [           main] com.zaxxer.hikari.HikariDataSource       : HikariPool-1 - Starting...
2024-05-28T00:07:12.614-05:00  INFO 15920 --- [sistevoto] [           main] com.zaxxer.hikari.pool.HikariPool        : HikariPool-1 - Added connection com.mysql.cj.jdbc.ConnectionImpl@342ee097
2024-05-28T00:07:12.623-05:00  INFO 15920 --- [sistevoto] [           main] com.zaxxer.hikari.HikariDataSource       : HikariPool-1 - Start completed.
2024-05-28T00:07:12.774-05:00  INFO 15920 --- [sistevoto] [           main] o.hibernate.jpa.internal.util.LogHelper  : HHH000204: Processing PersistenceUnitInfo [name: default]
2024-05-28T00:07:12.975-05:00  INFO 15920 --- [sistevoto] [           main] org.hibernate.Version                    : HHH000412: Hibernate ORM core version 6.4.4.Final
2024-05-28T00:07:13.135-05:00  INFO 15920 --- [sistevoto] [           main] o.h.c.internal.RegionFactoryInitiator    : HHH000026: Second-level cache disabled
2024-05-28T00:07:14.248-05:00  INFO 15920 --- [sistevoto] [           main] o.s.o.j.p.SpringPersistenceUnitInfo      : No LoadTimeWeaver setup: ignoring JPA class transformer
2024-05-28T00:07:14.856-05:00  WARN 15920 --- [sistevoto] [           main] org.hibernate.orm.deprecation            : HHH90000025: MySQL8Dialect does not need to be specified explicitly using 'hibernate.dialect' (remove the property setting and it will be selected by default)
2024-05-28T00:07:14.861-05:00  WARN 15920 --- [sistevoto] [           main] org.hibernate.orm.deprecation            : HHH90000026: MySQL8Dialect has been deprecated; use org.hibernate.dialect.MySQLDialect instead
2024-05-28T00:07:16.043-05:00  WARN 15920 --- [sistevoto] [           main] org.hibernate.mapping.RootClass          : HHH000038: Composite-id class does not override equals(): com.solucionesvirtual.sistevoto.domain.VotoId
2024-05-28T00:07:16.043-05:00  WARN 15920 --- [sistevoto] [           main] org.hibernate.mapping.RootClass          : HHH000039: Composite-id class does not override hashCode(): com.solucionesvirtual.sistevoto.domain.VotoId
2024-05-28T00:07:16.043-05:00  WARN 15920 --- [sistevoto] [           main] org.hibernate.mapping.RootClass          : HHH000038: Composite-id class does not override equals(): com.solucionesvirtual.sistevoto.domain.AsambleaCopropiedadId
2024-05-28T00:07:16.044-05:00  WARN 15920 --- [sistevoto] [           main] org.hibernate.mapping.RootClass          : HHH000039: Composite-id class does not override hashCode(): com.solucionesvirtual.sistevoto.domain.AsambleaCopropiedadId
2024-05-28T00:07:18.201-05:00  INFO 15920 --- [sistevoto] [           main] o.h.e.t.j.p.i.JtaPlatformInitiator       : HHH000489: No JTA platform available (set 'hibernate.transaction.jta.platform' to enable JTA platform integration)
2024-05-28T00:07:18.213-05:00  INFO 15920 --- [sistevoto] [           main] j.LocalContainerEntityManagerFactoryBean : Initialized JPA EntityManagerFactory for persistence unit 'default'
2024-05-28T00:07:19.375-05:00  INFO 15920 --- [sistevoto] [           main] o.s.d.j.r.query.QueryEnhancerFactory     : Hibernate is in classpath; If applicable, HQL parser will be used.
2024-05-28T00:07:21.832-05:00  WARN 15920 --- [sistevoto] [           main] JpaBaseConfiguration$JpaWebConfiguration : spring.jpa.open-in-view is enabled by default. Therefore, database queries may be performed during view rendering. Explicitly configure spring.jpa.open-in-view to disable this warning
2024-05-28T00:07:23.156-05:00  INFO 15920 --- [sistevoto] [           main] o.s.s.web.DefaultSecurityFilterChain     : Will secure any request with [org.springframework.security.web.session.DisableEncodeUrlFilter@7e753fd6, org.springframework.security.web.context.request.async.WebAsyncManagerIntegrationFilter@51a6af38, org.springframework.security.web.context.SecurityContextHolderFilter@3f3b0b19, org.springframework.security.web.header.HeaderWriterFilter@3cc148d, org.springframework.web.filter.CorsFilter@1f234e35, org.springframework.security.web.csrf.CsrfFilter@74fa4891, org.springframework.security.web.authentication.logout.LogoutFilter@233202aa, org.springframework.security.web.authentication.UsernamePasswordAuthenticationFilter@318ff889, org.springframework.security.web.authentication.www.BasicAuthenticationFilter@35eac1dd, org.springframework.security.web.savedrequest.RequestCacheAwareFilter@6e847a7, org.springframework.security.web.servletapi.SecurityContextHolderAwareRequestFilter@18cb7c6, org.springframework.security.web.authentication.AnonymousAuthenticationFilter@2350e46, org.springframework.security.web.session.SessionManagementFilter@51ea9f02, org.springframework.security.web.access.ExceptionTranslationFilter@6eb506d0, org.springframework.security.web.access.intercept.AuthorizationFilter@38a2fbc3]
2024-05-28T00:07:24.355-05:00  INFO 15920 --- [sistevoto] [           main] c.s.sistevoto.SistevotoApplicationTests  : Started SistevotoApplicationTests in 19.645 seconds (process running for 22.79)
]]></system-out>
    <system-err><![CDATA[WARNING: A Java agent has been loaded dynamically (C:\Users\nicol\.m2\repository\net\bytebuddy\byte-buddy-agent\1.14.12\byte-buddy-agent-1.14.12.jar)
WARNING: If a serviceability tool is in use, please run with -XX:+EnableDynamicAgentLoading to hide this warning
WARNING: If a serviceability tool is not in use, please run with -Djdk.instrument.traceUsage for more information
WARNING: Dynamic loading of agents will be disallowed by default in a future release
]]></system-err>
  </testcase>
</testsuite>